8.675300 0.361767 0.064487 99.998848
10.815500 0.552998 0.123271 100.000000
10.944700 0.678319 0.175034 100.000000
10.172900 0.767330 0.214560 100.000000
9.024800 0.831091 0.244164 100.000000
7.714800 0.877850 0.264534 100.000000
6.382400 0.912505 0.282138 100.000000
5.225500 0.936857 0.292295 100.000000
4.230000 0.954340 0.300137 100.000000
3.308600 0.967716 0.303264 100.000000
2.617300 0.976690 0.309862 100.000000
2.044500 0.983268 0.311884 100.000000
1.591200 0.987945 0.317836 100.000000
1.211400 0.991427 0.318607 100.000000
0.920500 0.993897 0.317823 100.000000
0.703400 0.995607 0.320156 100.000000
0.528900 0.996848 0.320067 100.000000
0.400500 0.997721 0.318807 100.000000
0.295000 0.998393 0.327070 100.000000
0.218400 0.998833 0.306556 100.000000