11.829100 0.219449 0.034125 100.000000
17.848101 0.313586 0.061169 100.000000
21.534599 0.357902 0.086904 100.000000
23.858999 0.381367 0.111356 100.000000
25.408001 0.390325 0.134424 100.000000
26.403601 0.390109 0.156536 100.000000
27.058100 0.383673 0.177625 100.000000
27.351000 0.376187 0.199001 100.000000
27.472401 0.369546 0.218240 100.000000
27.342100 0.366652 0.238551 100.000000
27.175699 0.358428 0.255831 100.000000
26.733500 0.351074 0.269590 100.000000
25.951700 0.349605 0.286714 100.000000
25.056499 0.352388 0.301950 100.000000
23.515200 0.363107 0.318105 100.000000
21.703800 0.377305 0.334905 100.000000
18.974899 0.405910 0.352211 100.000000
15.190700 0.446079 0.365991 100.000000
12.537500 0.484846 0.382843 100.000000
7.706100 0.560644 0.427127 100.000000