0.000000 0.000000 -1.#IND00 -1.#IND00 -1.#IND00 -1.#IND00 0
0.000000 0.000000 -1.#IND00 -1.#IND00 -1.#IND00 -1.#IND00 0
0.000000 0.000000 -1.#IND00 -1.#IND00 -1.#IND00 -1.#IND00 0
-1.#IND00 -1.#IND00 -1.#IND00 -1.#IND00 -1.#IND00 -1.#IND00 0
-1.#IND00 -1.#IND00 -1.#IND00 -1.#IND00 -1.#IND00 -1.#IND00 0
-1.#IND00 -1.#IND00 -1.#IND00 -1.#IND00 -1.#IND00 -1.#IND00 0
0.000000 0.000000 -1.#IND00 -1.#IND00 -1.#IND00 -1.#IND00 0
0.000000 0.000000 -1.#IND00 -1.#IND00 -1.#IND00 -1.#IND00 0
0.000000 0.000000 -1.#IND00 -1.#IND00 -1.#IND00 -1.#IND00 0
0.000000 0.000000 -1.#IND00 -1.#IND00 -1.#IND00 -1.#IND00 0
0.000000 0.000000 -nan -nan -nan -nan 0
0.000000 0.000000 -1.#IND00 -1.#IND00 -1.#IND00 -1.#IND00 0
0.000000 0.000000 -1.#IND00 -1.#IND00 -1.#IND00 -1.#IND00 0
0.000000 0.000000 -1.#IND00 -1.#IND00 -1.#IND00 -1.#IND00 0
0.000000 0.000000 -1.#IND00 -1.#IND00 -1.#IND00 -1.#IND00 0
0.000000 0.000000 -1.#IND00 -1.#IND00 -1.#IND00 -1.#IND00 0
0.000000 0.000000 -1.#IND00 -1.#IND00 -1.#IND00 -1.#IND00 0
0.000000 0.000000 -1.#IND00 -1.#IND00 -1.#IND00 -1.#IND00 0
0.000000 0.000000 -1.#IND00 -1.#IND00 -1.#IND00 -1.#IND00 0
0.000000 0.000000 -1.#IND00 -1.#IND00 -1.#IND00 -1.#IND00 0
0.000000 0.000000 -1.#IND00 -1.#IND00 -1.#IND00 -1.#IND00 0
0.000000 0.000000 -1.#IND00 -1.#IND00 -1.#IND00 -1.#IND00 0
0.360000 0.000000 0.000000 -1.#IND00 -1.#IND00 -1.#IND00 0
0.360000 0.000000 0.000000 -1.#IND00 -1.#IND00 -1.#IND00 0
0.360000 0.000000 0.000000 -nan -nan -nan 0
0.360000 0.000000 0.000000 -nan -nan -nan 0
0.360000 0.000000 0.000000 -nan -nan -nan 0
0.360000 0.000000 0.000000 -nan -nan -nan 0
0.360000 0.000000 0.000000 -nan -nan -nan 0
0.444000 0.000000 0.000000 -nan -nan -nan 0
0.444000 0.000000 0.000000 -nan -nan -nan 0
0.444000 0.000000 0.000000 -nan -nan -nan 0
0.444000 0.000000 0.000000 -nan -nan -nan 0
0.444000 0.000000 0.000000 -nan -nan -nan 0
0.444000 0.000000 0.000000 -nan -nan -nan 0
0.444000 0.000000 0.000000 -nan -nan -nan 0
0.853000 0.000000 0.000000 -nan -nan -nan 0
