0.310000 0.000000 0.000000 -1.#IND00 -1.#IND00 -1.#IND00 0
0.310000 0.000000 0.000000 -1.#IND00 -1.#IND00 -1.#IND00 0
0.310000 0.000000 0.000000 -1.#IND00 -1.#IND00 -1.#IND00 0
0.310000 0.000000 0.000000 -1.#IND00 -1.#IND00 -1.#IND00 0
0.310000 0.000000 0.000000 -1.#IND00 -1.#IND00 -1.#IND00 0
0.140000 0.000000 0.000000 -1.#IND00 -1.#IND00 -1.#IND00 0
9.950000 0.000000 0.000000 -1.#IND00 -1.#IND00 -1.#IND00 0
11.550000 0.000000 0.000000 -1.#IND00 -1.#IND00 -1.#IND00 0
9.890000 0.000000 0.000000 -1.#IND00 -1.#IND00 -1.#IND00 0
9.743000 0.000000 0.000000 -1.#IND00 -1.#IND00 -1.#IND00 0
9.743000 0.000000 0.000000 -1.#IND00 -1.#IND00 -1.#IND00 0
9.743000 0.000000 0.000000 -1.#IND00 -1.#IND00 -1.#IND00 0
0.000000 -1.#IND00 -1.#IND00 -1.#IND00 -1.#IND00 -1.#IND00 0
0.000000 -1.#IND00 -1.#IND00 -1.#IND00 -1.#IND00 -1.#IND00 0
0.000000 -1.#IND00 -1.#IND00 -1.#IND00 -1.#IND00 -1.#IND00 0
0.000000 -1.#IND00 -1.#IND00 -1.#IND00 -1.#IND00 -1.#IND00 0
9.397000 0.000000 0.000000 -1.#IND00 -1.#IND00 -1.#IND00 0
9.397000 0.000000 0.000000 -1.#IND00 -1.#IND00 -1.#IND00 0
9.363000 0.000000 0.000000 -1.#IND00 -1.#IND00 -1.#IND00 0
20.882000 0.000000 0.000000 -1.#IND00 -1.#IND00 -1.#IND00 0
28.124001 0.000000 0.000000 -1.#IND00 -1.#IND00 -1.#IND00 0
20.882000 0.000000 0.000000 -1.#IND00 -1.#IND00 -1.#IND00 0
20.510000 0.000000 0.000000 -1.#IND00 -1.#IND00 -1.#IND00 0
20.882000 0.000000 0.000000 -1.#IND00 -1.#IND00 -1.#IND00 0
20.882000 0.000000 0.000000 -1.#IND00 -1.#IND00 -1.#IND00 0
20.856001 0.000000 0.000000 -1.#IND00 -1.#IND00 -1.#IND00 0
21.927999 0.000000 0.000000 -1.#IND00 -1.#IND00 -1.#IND00 0
9.210000 0.000000 0.000000 -1.#IND00 -1.#IND00 -1.#IND00 0
5.480000 0.000000 0.000000 -1.#IND00 -1.#IND00 -1.#IND00 0
0.940000 0.000000 0.000000 -1.#IND00 -1.#IND00 -1.#IND00 0
5.480000 0.000000 0.000000 -1.#IND00 -1.#IND00 -1.#IND00 0
5.480000 0.000000 0.000000 -1.#IND00 -1.#IND00 -1.#IND00 0
5.480000 0.000000 0.000000 -1.#IND00 -1.#IND00 -1.#IND00 0
5.480000 0.000000 0.000000 -1.#IND00 -1.#IND00 -1.#IND00 0
9.440000 0.000000 0.000000 -1.#IND00 -1.#IND00 -1.#IND00 0
7.443000 0.000000 0.000000 -1.#IND00 -1.#IND00 -1.#IND00 0
9.945000 0.000000 0.000000 -1.#IND00 -1.#IND00 -1.#IND00 0
28.183001 0.000000 0.000000 -1.#IND00 -1.#IND00 -1.#IND00 0
9.442800 0.000000 0.000000 -1.#IND00 -1.#IND00 -1.#IND00 0
9.442800 0.252263 0.000000 -1.#IND00 -1.#IND00 -1.#IND00 0
10.308200 0.266290 0.000000 -1.#IND00 -1.#IND00 -1.#IND00 0
9.442800 0.252263 0.000000 -1.#IND00 -1.#IND00 -1.#IND00 0
11.705600 0.234754 0.000000 -1.#IND00 -1.#IND00 -1.#IND00 0
11.705600 0.234754 0.000000 -1.#IND00 -1.#IND00 -1.#IND00 0
11.885500 0.293434 0.000000 -1.#IND00 -1.#IND00 -1.#IND00 0
11.902400 0.387993 0.000000 -1.#IND00 -1.#IND00 -1.#IND00 0
11.902400 0.387993 0.000000 -1.#IND00 -1.#IND00 -1.#IND00 0
11.634900 0.384538 0.000000 -1.#IND00 -1.#IND00 -1.#IND00 0
11.634900 0.384538 0.000000 -1.#IND00 -1.#IND00 -1.#IND00 0
11.634900 0.384538 0.000000 -1.#IND00 -1.#IND00 -1.#IND00 0
11.634900 0.384538 0.000000 -1.#IND00 -1.#IND00 -1.#IND00 0
11.634900 0.384538 0.000000 -1.#IND00 -1.#IND00 -1.#IND00 0
11.634900 0.384538 0.000000 -1.#IND00 -1.#IND00 -1.#IND00 0
8.816700 0.288605 0.000000 -1.#IND00 -1.#IND00 -1.#IND00 0
11.634900 0.384538 0.000000 -1.#IND00 -1.#IND00 -1.#IND00 0
11.634900 0.384538 0.000000 -1.#IND00 -1.#IND00 -1.#IND00 0
11.932500 0.388593 0.000000 -1.#IND00 -1.#IND00 -1.#IND00 0
11.634900 0.384538 0.000000 -1.#IND00 -1.#IND00 -1.#IND00 0
11.634900 0.384538 0.000000 -1.#IND00 -1.#IND00 -1.#IND00 0
8.819500 0.000000 0.000000 -1.#IND00 -1.#IND00 -1.#IND00 0
8.819500 0.000000 0.000000 -1.#IND00 -1.#IND00 -1.#IND00 0
8.819500 0.000000 0.000000 -1.#IND00 -1.#IND00 -1.#IND00 0
8.819500 0.000000 0.000000 -1.#IND00 -1.#IND00 -1.#IND00 0
8.819500 0.370816 0.000000 -1.#IND00 -1.#IND00 -1.#IND00 0
8.819500 0.370816 0.000000 -1.#IND00 -1.#IND00 -1.#IND00 0
8.819500 0.370816 0.000000 -1.#IND00 -1.#IND00 -1.#IND00 0
8.684900 0.362123 0.000000 -1.#IND00 -1.#IND00 -1.#IND00 0
11.634900 0.384538 0.000000 -1.#IND00 -1.#IND00 -1.#IND00 0
11.634900 0.384538 0.000000 -1.#IND00 -1.#IND00 -1.#IND00 0
11.634900 0.384538 0.000000 -1.#IND00 -1.#IND00 -1.#IND00 0
8.502300 0.351658 0.000000 -1.#IND00 -1.#IND00 -1.#IND00 0
8.502300 0.351658 0.000000 -1.#IND00 -1.#IND00 -1.#IND00 0
8.502300 0.351658 0.000000 -1.#IND00 -1.#IND00 -1.#IND00 0
10.903600 0.376818 0.000000 -1.#IND00 -1.#IND00 -1.#IND00 0
8.721300 0.355109 0.000000 -1.#IND00 -1.#IND00 -1.#IND00 0
8.721300 0.355109 0.000000 -1.#IND00 -1.#IND00 -1.#IND00 0
8.721300 0.355109 0.000000 -1.#IND00 -1.#IND00 -1.#IND00 0
8.721300 0.355109 0.000000 -1.#IND00 -1.#IND00 -1.#IND00 0
8.721300 0.355109 0.000000 -1.#IND00 -1.#IND00 -1.#IND00 0
8.721300 0.355109 0.000000 -1.#IND00 -1.#IND00 -1.#IND00 0
9.026600 0.372892 0.000000 -1.#IND00 -1.#IND00 -1.#IND00 0
8.721300 0.355109 0.000000 -1.#IND00 -1.#IND00 -1.#IND00 0
8.721300 0.355109 0.000000 -1.#IND00 -1.#IND00 -1.#IND00 0
11.308000 0.630528 0.000000 -1.#IND00 -1.#IND00 -1.#IND00 0
8.721300 0.355109 0.000000 -1.#IND00 -1.#IND00 -1.#IND00 0
8.721300 0.355109 0.000000 -1.#IND00 -1.#IND00 -1.#IND00 0
11.520000 0.383122 0.000000 -1.#IND00 -1.#IND00 -1.#IND00 0
8.721300 0.355109 0.000000 -1.#IND00 -1.#IND00 -1.#IND00 0
8.721300 0.355109 0.000000 -1.#IND00 -1.#IND00 -1.#IND00 0
0.254200 0.178292 0.000000 -1.#IND00 -1.#IND00 -1.#IND00 0
0.249200 0.546352 0.000000 -1.#IND00 -1.#IND00 -1.#IND00 0
0.249200 0.546352 0.000000 -1.#IND00 -1.#IND00 -1.#IND00 0
0.249200 0.546352 0.000000 -1.#IND00 -1.#IND00 -1.#IND00 0
0.249200 0.546352 0.000000 -1.#IND00 -1.#IND00 -1.#IND00 0
0.168800 0.894962 0.000000 -1.#IND00 -1.#IND00 -1.#IND00 0
0.954200 0.707830 0.000000 -1.#IND00 -1.#IND00 -1.#IND00 0
0.099100 0.999800 0.000000 -1.#IND00 -1.#IND00 -1.#IND00 0
0.099100 0.999800 0.000000 -1.#IND00 -1.#IND00 -1.#IND00 0
0.000000 0.999800 -1.#IND00 -1.#IND00 -1.#IND00 -1.#IND00 0
0.000000 0.999800 -1.#IND00 -1.#IND00 -1.#IND00 -1.#IND00 0
0.000300 0.999853 0.000000 -1.#IND00 -1.#IND00 -1.#IND00 0
8.627700 0.364305 0.000000 -1.#IND00 -1.#IND00 -1.#IND00 0
8.627700 0.364305 0.000000 -1.#IND00 -1.#IND00 -1.#IND00 0
3.308600 0.967716 0.000000 -1.#IND00 -1.#IND00 -1.#IND00 0
9.952400 0.448464 0.000000 -1.#IND00 -1.#IND00 -1.#IND00 0
11.848100 0.182094 0.000000 -1.#IND00 -1.#IND00 -1.#IND00 0
8.627700 0.364305 0.000000 -1.#IND00 -1.#IND00 -1.#IND00 0
8.627700 0.364305 0.000000 -1.#IND00 -1.#IND00 -1.#IND00 0
11.848100 0.182094 0.000000 -1.#IND00 -1.#IND00 -1.#IND00 0
8.627700 0.364305 0.000000 -1.#IND00 -1.#IND00 -1.#IND00 0
11.848100 0.182094 0.000000 -1.#IND00 -1.#IND00 -1.#IND00 0
11.806300 0.183791 0.000000 -1.#IND00 -1.#IND00 -1.#IND00 0
8.627700 0.364305 0.000000 -1.#IND00 -1.#IND00 -1.#IND00 0
0.777700 0.015502 0.000000 -1.#IND00 -1.#IND00 -1.#IND00 0
11.806300 0.183791 0.000000 -1.#IND00 -1.#IND00 -1.#IND00 0
0.777700 0.015502 0.000000 -1.#IND00 -1.#IND00 -1.#IND00 0
2.232700 0.038721 0.000000 -1.#IND00 -1.#IND00 -1.#IND00 0
7.383300 0.145123 0.000000 -1.#IND00 -1.#IND00 -1.#IND00 0
10.448700 0.229457 0.000000 -1.#IND00 -1.#IND00 -1.#IND00 0
8.661100 0.362093 0.000000 -1.#IND00 -1.#IND00 -1.#IND00 0
10.448700 0.229457 0.000000 -1.#IND00 -1.#IND00 -1.#IND00 0
